<?xml version="1.0" encoding="UTF-8"?>
<!-- Generated by org.testng.reporters.JUnitReportReporter -->
<testsuite hostname="F7P7CW1-LAP" failures="0" tests="1" name="com.app.programs.LargestWordInStringWithCount" time="0.020" errors="0" timestamp="3 May 2020 21:33:30 GMT">
  <testcase classname="com.app.programs.LargestWordInStringWithCount" name="getLargestWordWithCountTest" time="0.020"/>
</testsuite> <!-- com.app.programs.LargestWordInStringWithCount -->
